<?xml version="1.0" encoding="UTF-8"?>
<!-- Generated by org.testng.reporters.JUnitXMLReporter -->
<testsuite ignored="3" hostname="akshat2x-mobl3" failures="0" tests="3" name="SmokeTest" time="0.065" errors="0" timestamp="2024-03-30T08:31:37 IST">
  <testcase classname="Parallel.Testing" name="emi" time="0.014"/>
  <testcase classname="Parallel.Testing" name="salary" time="0.009"/>
  <testcase classname="Parallel.Amazon" name="login" time="0.001"/>
  <testcase classname="Parallel.Testing" name="browser" time="0.0">
    <ignored/>
  </testcase> <!-- browser -->
  <testcase classname="Parallel.Testing" name="auto" time="0.0">
    <ignored/>
  </testcase> <!-- auto -->
  <testcase classname="Parallel.Amazon" name="amz_login" time="0.0">
    <ignored/>
  </testcase> <!-- amz_login -->
</testsuite> <!-- SmokeTest -->
